<?xml version="1.0" encoding="UTF-8"?>
<!-- Generated by org.testng.reporters.JUnitXMLReporter -->
<testsuite ignored="0" hostname="LAPTOP-ELLCCCK3" failures="0" tests="2" name="Default test" time="18.268" errors="0" timestamp="2024-10-14T16:31:53 IST">
  <testcase classname="coverfoxTEST.TC5552_CoverFox_BannerCount2" name="validatePincodeErrMsg" time="0.286"/>
  <testcase classname="coverfoxTEST.TC5552_CoverFox_BannerCount2" name="validateMobileNumErrorMsg" time="0.267"/>
</testsuite> <!-- Default test -->
